<?xml version="1.0" encoding="UTF-8"?>
<!-- Generated by org.testng.reporters.JUnitXMLReporter -->
<testsuite hostname="DESKTOP-IKL7DTL" failures="0" tests="4" name="BDD" time="106.163" errors="0" timestamp="26 Apr 2020 19:38:10 GMT">
  <testcase classname="cucumberOptions.TestRunner" name="runScenario" time="25.934"/>
  <testcase classname="cucumberOptions.TestRunner" name="runScenario" time="30.604"/>
  <testcase classname="cucumberOptions.TestRunner" name="runScenario" time="23.246"/>
  <testcase classname="cucumberOptions.TestRunner" name="runScenario" time="25.775"/>
</testsuite> <!-- BDD -->
