<?xml version="1.0" encoding="UTF-8"?>
<testsuite xmlns:xsi="http://www.w3.org/2001/XMLSchema-instance" xsi:noNamespaceSchemaLocation="https://maven.apache.org/surefire/maven-surefire-plugin/xsd/surefire-test-report.xsd" name="TestSuite" time="110.955" tests="4" errors="0" skipped="0" failures="0">
  <properties>
[...]
</properties>
  <testcase name="runScenario" classname="cucumberOptions.TestRunner" time="25.936"/>
  <testcase name="runScenario" classname="cucumberOptions.TestRunner" time="30.6"/>
  <testcase name="runScenario" classname="cucumberOptions.TestRunner" time="23.245"/>
  <testcase name="runScenario" classname="cucumberOptions.TestRunner" time="25.775"/>
</testsuite>